Connected.
Creating tables
-------------- 
Call to @create_table_coaches.sql
old   5: 	"COACH_RANK" VARCHAR2(255)) TABLESPACE &&DATA_TABLESPACE_NAME
new   5: 	"COACH_RANK" VARCHAR2(255)) TABLESPACE MMF_9_10_DATA

Table created.

Elapsed: 00:00:00.14
Call to @create_table_coaches_history.sql
old   5: 	"COACH_ID" NUMBER NOT NULL) TABLESPACE &&DATA_TABLESPACE_NAME
new   5: 	"COACH_ID" NUMBER NOT NULL) TABLESPACE MMF_9_10_DATA

Table created.

Elapsed: 00:00:00.06
Call to @create_table_events.sql
old   6: 	"MATCH_ID" NUMBER NOT NULL) TABLESPACE &&DATA_TABLESPACE_NAME
new   6: 	"MATCH_ID" NUMBER NOT NULL) TABLESPACE MMF_9_10_DATA

Table created.

Elapsed: 00:00:00.07
Call to @create_table_leagues.sql
old   4: 	"LEAGUE_YEAR" NUMBER NOT NULL) TABLESPACE &&DATA_TABLESPACE_NAME
new   4: 	"LEAGUE_YEAR" NUMBER NOT NULL) TABLESPACE MMF_9_10_DATA

Table created.

Elapsed: 00:00:00.07
Call to @create_table_matches.sql
old   5: 	"STAGE_ID" NUMBER NOT NULL) TABLESPACE &&DATA_TABLESPACE_NAME
new   5: 	"STAGE_ID" NUMBER NOT NULL) TABLESPACE MMF_9_10_DATA

Table created.

Elapsed: 00:00:00.12
Call to @create_table_players.sql
old   6: 	"PLAYER_BIRTH_YEAR" NUMBER) TABLESPACE &&DATA_TABLESPACE_NAME
new   6: 	"PLAYER_BIRTH_YEAR" NUMBER) TABLESPACE MMF_9_10_DATA

Table created.

Elapsed: 00:00:00.05
Call to @create_table_players_history.sql
old   5: 	"TEAM_ID" NUMBER NOT NULL) TABLESPACE &&DATA_TABLESPACE_NAME
new   5: 	"TEAM_ID" NUMBER NOT NULL) TABLESPACE MMF_9_10_DATA

Table created.

Elapsed: 00:00:00.07
Call to @create_table_stadiums.sql
old   5: 	"CITY_NAME" VARCHAR2(255) NOT NULL) TABLESPACE &&DATA_TABLESPACE_NAME
new   5: 	"CITY_NAME" VARCHAR2(255) NOT NULL) TABLESPACE MMF_9_10_DATA

Table created.

Elapsed: 00:00:00.03
Call to @create_table_stages.sql
old   4: 	"LEAGUE_ID" NUMBER NOT NULL) TABLESPACE &&DATA_TABLESPACE_NAME
new   4: 	"LEAGUE_ID" NUMBER NOT NULL) TABLESPACE MMF_9_10_DATA

Table created.

Elapsed: 00:00:00.06
Call to @create_table_teams.sql
old   5: 	"STADIUM_ID" NUMBER) TABLESPACE &&DATA_TABLESPACE_NAME
new   5: 	"STADIUM_ID" NUMBER) TABLESPACE MMF_9_10_DATA

Table created.

Elapsed: 00:00:00.06
Call to @create_table_teams_in_matches.sql
old   5: 	"MATCH_ID" NUMBER NOT NULL) TABLESPACE &&DATA_TABLESPACE_NAME
new   5: 	"MATCH_ID" NUMBER NOT NULL) TABLESPACE MMF_9_10_DATA

Table created.

Elapsed: 00:00:00.06
Call to @create_table_tickets_info.sql
old   5: 	"MATCH_ID" NUMBER NOT NULL) TABLESPACE &&DATA_TABLESPACE_NAME
new   5: 	"MATCH_ID" NUMBER NOT NULL) TABLESPACE MMF_9_10_DATA

Table created.

Elapsed: 00:00:00.04
-------------- PROMPT Creating indexes
-------------- 
Call to @create_indexes.sql
old   1: CREATE INDEX IX_COACHES_HISTORY_STAGE_ID ON "COACHES_HISTORY" (STAGE_ID) TABLESPACE &&IDX_TABLESPACE_NAME
new   1: CREATE INDEX IX_COACHES_HISTORY_STAGE_ID ON "COACHES_HISTORY" (STAGE_ID) TABLESPACE MMF_9_10_IDX

Index created.

Elapsed: 00:00:00.08
old   1: CREATE INDEX IX_COACHES_HISTORY_TEAM_ID ON "COACHES_HISTORY" (TEAM_ID) TABLESPACE &&IDX_TABLESPACE_NAME
new   1: CREATE INDEX IX_COACHES_HISTORY_TEAM_ID ON "COACHES_HISTORY" (TEAM_ID) TABLESPACE MMF_9_10_IDX

Index created.

Elapsed: 00:00:00.11
old   1: CREATE INDEX IX_COACHES_HISTORY_COACH_ID ON "COACHES_HISTORY" (COACH_ID) TABLESPACE &&IDX_TABLESPACE_NAME
new   1: CREATE INDEX IX_COACHES_HISTORY_COACH_ID ON "COACHES_HISTORY" (COACH_ID) TABLESPACE MMF_9_10_IDX

Index created.

Elapsed: 00:00:00.03
old   1: CREATE INDEX IX_EVENTS_PLAYER_ID ON "EVENTS" (PLAYER_ID) TABLESPACE &&IDX_TABLESPACE_NAME
new   1: CREATE INDEX IX_EVENTS_PLAYER_ID ON "EVENTS" (PLAYER_ID) TABLESPACE MMF_9_10_IDX

Index created.

Elapsed: 00:00:00.03
old   1: CREATE INDEX IX_EVENTS_MATCH_ID ON "EVENTS" (MATCH_ID) TABLESPACE &&IDX_TABLESPACE_NAME
new   1: CREATE INDEX IX_EVENTS_MATCH_ID ON "EVENTS" (MATCH_ID) TABLESPACE MMF_9_10_IDX

Index created.

Elapsed: 00:00:00.03
old   1: CREATE INDEX IX_MATCHES_STADIUM_ID ON "MATCHES" (STADIUM_ID) TABLESPACE &&IDX_TABLESPACE_NAME
new   1: CREATE INDEX IX_MATCHES_STADIUM_ID ON "MATCHES" (STADIUM_ID) TABLESPACE MMF_9_10_IDX

Index created.

Elapsed: 00:00:00.02
old   1: CREATE INDEX IX_MATCHES_STAGE_ID ON "MATCHES" (STAGE_ID) TABLESPACE &&IDX_TABLESPACE_NAME
new   1: CREATE INDEX IX_MATCHES_STAGE_ID ON "MATCHES" (STAGE_ID) TABLESPACE MMF_9_10_IDX

Index created.

Elapsed: 00:00:00.03
old   1: CREATE INDEX IX_PLAYERS_HISTORY_PLAYER_ID ON "PLAYERS_HISTORY" (PLAYER_ID) TABLESPACE &&IDX_TABLESPACE_NAME
new   1: CREATE INDEX IX_PLAYERS_HISTORY_PLAYER_ID ON "PLAYERS_HISTORY" (PLAYER_ID) TABLESPACE MMF_9_10_IDX

Index created.

Elapsed: 00:00:00.06
old   1: CREATE INDEX IX_PLAYERS_HISTORY_STAGE_ID ON "PLAYERS_HISTORY" (STAGE_ID) TABLESPACE &&IDX_TABLESPACE_NAME
new   1: CREATE INDEX IX_PLAYERS_HISTORY_STAGE_ID ON "PLAYERS_HISTORY" (STAGE_ID) TABLESPACE MMF_9_10_IDX

Index created.

Elapsed: 00:00:00.04
old   1: CREATE INDEX IX_PLAYERS_HISTORY_TEAM_ID ON "PLAYERS_HISTORY" (TEAM_ID) TABLESPACE &&IDX_TABLESPACE_NAME
new   1: CREATE INDEX IX_PLAYERS_HISTORY_TEAM_ID ON "PLAYERS_HISTORY" (TEAM_ID) TABLESPACE MMF_9_10_IDX

Index created.

Elapsed: 00:00:00.03
old   1: CREATE INDEX IX_STAGES_LEAGUE_ID ON "STAGES" (LEAGUE_ID) TABLESPACE &&IDX_TABLESPACE_NAME
new   1: CREATE INDEX IX_STAGES_LEAGUE_ID ON "STAGES" (LEAGUE_ID) TABLESPACE MMF_9_10_IDX

Index created.

Elapsed: 00:00:00.05
old   1: CREATE INDEX IX_TEAMS_STADIUM_ID ON "TEAMS" (STADIUM_ID) TABLESPACE &&IDX_TABLESPACE_NAME
new   1: CREATE INDEX IX_TEAMS_STADIUM_ID ON "TEAMS" (STADIUM_ID) TABLESPACE MMF_9_10_IDX

Index created.

Elapsed: 00:00:00.06
old   1: CREATE INDEX IX_TEAMS_IN_MATCHES_TEAM_ID ON "TEAMS_IN_MATCHES" (TEAM_ID) TABLESPACE &&IDX_TABLESPACE_NAME
new   1: CREATE INDEX IX_TEAMS_IN_MATCHES_TEAM_ID ON "TEAMS_IN_MATCHES" (TEAM_ID) TABLESPACE MMF_9_10_IDX

Index created.

Elapsed: 00:00:00.05
old   1: CREATE INDEX IX_TEAMS_IN_MATCHES_MATCH_ID ON "TEAMS_IN_MATCHES" (MATCH_ID) TABLESPACE &&IDX_TABLESPACE_NAME
new   1: CREATE INDEX IX_TEAMS_IN_MATCHES_MATCH_ID ON "TEAMS_IN_MATCHES" (MATCH_ID) TABLESPACE MMF_9_10_IDX

Index created.

Elapsed: 00:00:00.02
old   1: CREATE INDEX IX_TICKETS_INFO_MATCH_ID ON "TICKETS_INFO" (MATCH_ID) TABLESPACE &&IDX_TABLESPACE_NAME
new   1: CREATE INDEX IX_TICKETS_INFO_MATCH_ID ON "TICKETS_INFO" (MATCH_ID) TABLESPACE MMF_9_10_IDX

Index created.

Elapsed: 00:00:00.06
-------------- PROMPT Creating constraints
-------------- 
Call to @create_constraints.sql

Table altered.

Elapsed: 00:00:00.08

Table altered.

Elapsed: 00:00:00.06

Table altered.

Elapsed: 00:00:00.04

Table altered.

Elapsed: 00:00:00.06

Table altered.

Elapsed: 00:00:00.07

Table altered.

Elapsed: 00:00:00.07

Table altered.

Elapsed: 00:00:00.08

Table altered.

Elapsed: 00:00:00.07

Table altered.

Elapsed: 00:00:00.06

Table altered.

Elapsed: 00:00:00.09

Table altered.

Elapsed: 00:00:00.06

Table altered.

Elapsed: 00:00:00.07

Table altered.

Elapsed: 00:00:00.23

Table altered.

Elapsed: 00:00:00.03

Table altered.

Elapsed: 00:00:00.06

Table altered.

Elapsed: 00:00:00.06

Table altered.

Elapsed: 00:00:00.06

Table altered.

Elapsed: 00:00:00.09

Table altered.

Elapsed: 00:00:00.04

Table altered.

Elapsed: 00:00:00.06

Table altered.

Elapsed: 00:00:00.06

Table altered.

Elapsed: 00:00:00.06

Table altered.

Elapsed: 00:00:00.05

Table altered.

Elapsed: 00:00:00.06

Table altered.

Elapsed: 00:00:00.07

Table altered.

Elapsed: 00:00:00.07

Table altered.

Elapsed: 00:00:00.04
-------------- 
