Name of user to be dropped: EPAM


Session altered.

Elapsed: 00:00:00.02
old   1: DROP USER "&&USER_NAME" CASCADE
new   1: DROP USER "EPAM" CASCADE

User dropped.

Elapsed: 00:00:02.83
Name of tablespace to be dropped: 'EPAM_DATA'

old   1: DROP TABLESPACE "&&TABLESPACE_NAME"
new   1: DROP TABLESPACE "EPAM_DATA"
DROP TABLESPACE "EPAM_DATA"
*
ERROR at line 1:
ORA-00959: tablespace 'EPAM_DATA' does not exist 


Elapsed: 00:00:00.08
old   1: DROP TABLESPACE "&&INDEX_NAME"
new   1: DROP TABLESPACE "EPAM_IDX"
DROP TABLESPACE "EPAM_IDX"
*
ERROR at line 1:
ORA-00959: tablespace 'EPAM_IDX' does not exist 


Elapsed: 00:00:00.02
