--------- PROMPT User to create: MMF_9_10

Datafile location: c:\Programs\Oracle\oradata\ORCL\

Executing create_tablespace.sql for data tablespace
--------- DEFINE USER_NAME = MMF_9_10
MMF_9_10_DATA
c:\Programs\Oracle\oradata\ORCL\MMF_9_10_DATA.DBF
old   1: CREATE TABLESPACE  "&&DATA_TBS_NAME"
new   1: CREATE TABLESPACE  "MMF_9_10_DATA"
old   3:         '&&DATA_FILENAME' SIZE 10M AUTOEXTEND ON NEXT 10M MAXSIZE 10G
new   3:         'c:\Programs\Oracle\oradata\ORCL\MMF_9_10_DATA.DBF' SIZE 10M AUTOEXTEND ON NEXT 10M MAXSIZE 10G

Tablespace created.

Elapsed: 00:00:00.40
old   1: CREATE TABLESPACE "&&INDEX_NAME"
new   1: CREATE TABLESPACE "MMF_9_10_IDX"
old   3:         '&&INDEX_FILENAME' SIZE 10M AUTOEXTEND ON NEXT 10M MAXSIZE 10G
new   3:         'c:\Programs\Oracle\oradata\ORCL\MMF_9_10_IDX.DBF' SIZE 10M AUTOEXTEND ON NEXT 10M MAXSIZE 10G

Tablespace created.

Elapsed: 00:00:00.26

--------- PROMPT Executing create_user.sql
--------- define USER_NAME = MMF_9_10

Session altered.

Elapsed: 00:00:00.03
old   1: CREATE USER "&&USER_NAME"
new   1: CREATE USER "MMF_9_10"
old   3:   DEFAULT TABLESPACE "&&DEFAULT_TBS"
new   3:   DEFAULT TABLESPACE "MMF_9_10_DATA"
old   5:   QUOTA 20M on "&&DEFAULT_TBS"
new   5:   QUOTA 20M on "MMF_9_10_DATA"

User created.

Elapsed: 00:00:00.23
--------- PROMPT Calling grant.sql for MMF_9_10
--------- DEFINE USER_NAME = MMF_9_10
old   1: GRANT CREATE PROCEDURE TO "&&USER_NAME"
new   1: GRANT CREATE PROCEDURE TO "MMF_9_10"

Grant succeeded.

Elapsed: 00:00:00.05
old   1: GRANT CREATE SEQUENCE TO "&&USER_NAME"
new   1: GRANT CREATE SEQUENCE TO "MMF_9_10"

Grant succeeded.

Elapsed: 00:00:00.02
old   1: GRANT CREATE TABLE TO "&&USER_NAME"
new   1: GRANT CREATE TABLE TO "MMF_9_10"

Grant succeeded.

Elapsed: 00:00:00.02
old   1: GRANT CREATE TYPE TO "&&USER_NAME"
new   1: GRANT CREATE TYPE TO "MMF_9_10"

Grant succeeded.

Elapsed: 00:00:00.03
old   1: GRANT CREATE TRIGGER TO "&&USER_NAME"
new   1: GRANT CREATE TRIGGER TO "MMF_9_10"

Grant succeeded.

Elapsed: 00:00:00.06
old   1: GRANT CREATE SYNONYM TO "&&USER_NAME"
new   1: GRANT CREATE SYNONYM TO "MMF_9_10"

Grant succeeded.

Elapsed: 00:00:00.03
old   1: GRANT CREATE SESSION TO "&&USER_NAME"
new   1: GRANT CREATE SESSION TO "MMF_9_10"

Grant succeeded.

Elapsed: 00:00:00.03
old   1: GRANT CREATE ANY DIRECTORY TO "&&USER_NAME"
new   1: GRANT CREATE ANY DIRECTORY TO "MMF_9_10"

Grant succeeded.

Elapsed: 00:00:00.02
old   1: GRANT UNLIMITED TABLESPACE TO "&&USER_NAME"
new   1: GRANT UNLIMITED TABLESPACE TO "MMF_9_10"

Grant succeeded.

Elapsed: 00:00:00.01
old   1: GRANT CREATE VIEW TO "&&USER_NAME"
new   1: GRANT CREATE VIEW TO "MMF_9_10"

Grant succeeded.

Elapsed: 00:00:00.01
old   1: ALTER USER "&&USER_NAME" QUOTA UNLIMITED ON "&&USER_NAME._DATA"
new   1: ALTER USER "MMF_9_10" QUOTA UNLIMITED ON "MMF_9_10_DATA"

User altered.

Elapsed: 00:00:00.21
old   1: ALTER USER "&&USER_NAME" QUOTA UNLIMITED ON "&&USER_NAME._IDX"
new   1: ALTER USER "MMF_9_10" QUOTA UNLIMITED ON "MMF_9_10_IDX"

User altered.

Elapsed: 00:00:00.03
